# JRE version: Java(TM) SE Runtime Environment (8.0_251-b08) (build 1.8.0_251-b08)
# Java VM: Java HotSpot(TM) 64-Bit Server VM (25.251-b08 mixed mode windows-amd64 compressed oops)
Heap:
 PSYoungGen      total 898048K, used 167432K [0x000000076b600000, 0x00000007abe80000, 0x00000007c0000000)
  eden space 877568K, 16% used [0x000000076b600000,0x0000000774583a58,0x00000007a0f00000)
  from space 20480K, 99% used [0x00000007a0f00000,0x00000007a22fe940,0x00000007a2300000)
  to   space 23040K, 0% used [0x00000007aa800000,0x00000007aa800000,0x00000007abe80000)
 ParOldGen       total 184832K, used 48985K [0x00000006c2200000, 0x00000006cd680000, 0x000000076b600000)
  object space 184832K, 26% used [0x00000006c2200000,0x00000006c51d6540,0x00000006cd680000)
 Metaspace       used 100957K, capacity 106768K, committed 107008K, reserved 1142784K
  class space    used 11892K, capacity 12942K, committed 13056K, reserved 1048576K
GC Heap History (10 events):
Event: 477.964 GC heap before
{Heap before GC invocations=31 (full 10):
 PSYoungGen      total 898048K, used 718420K [0x000000076b600000, 0x00000007a3900000, 0x00000007c0000000)
  eden space 877568K, 81% used [0x000000076b600000,0x0000000797395260,0x00000007a0f00000)
  from space 20480K, 0% used [0x00000007a2500000,0x00000007a2500000,0x00000007a3900000)
  to   space 21504K, 0% used [0x00000007a0f00000,0x00000007a0f00000,0x00000007a2400000)
 ParOldGen       total 184832K, used 44353K [0x00000006c2200000, 0x00000006cd680000, 0x000000076b600000)
  object space 184832K, 23% used [0x00000006c2200000,0x00000006c4d50408,0x00000006cd680000)
 Metaspace       used 94195K, capacity 99898K, committed 99968K, reserved 1136640K
  class space    used 11390K, capacity 12404K, committed 12416K, reserved 1048576K
Event: 477.971 GC heap after
Heap after GC invocations=31 (full 10):
 PSYoungGen      total 888832K, used 10941K [0x000000076b600000, 0x00000007a3800000, 0x00000007c0000000)
  eden space 877568K, 0% used [0x000000076b600000,0x000000076b600000,0x00000007a0f00000)
  from space 11264K, 97% used [0x00000007a0f00000,0x00000007a19af568,0x00000007a1a00000)
  to   space 20992K, 0% used [0x00000007a2380000,0x00000007a2380000,0x00000007a3800000)
 ParOldGen       total 184832K, used 44361K [0x00000006c2200000, 0x00000006cd680000, 0x000000076b600000)
  object space 184832K, 24% used [0x00000006c2200000,0x00000006c4d52408,0x00000006cd680000)
 Metaspace       used 94195K, capacity 99898K, committed 99968K, reserved 1136640K
  class space    used 11390K, capacity 12404K, committed 12416K, reserved 1048576K
}
Event: 477.971 GC heap before
{Heap before GC invocations=32 (full 11):
 PSYoungGen      total 888832K, used 10941K [0x000000076b600000, 0x00000007a3800000, 0x00000007c0000000)
  eden space 877568K, 0% used [0x000000076b600000,0x000000076b600000,0x00000007a0f00000)
  from space 11264K, 97% used [0x00000007a0f00000,0x00000007a19af568,0x00000007a1a00000)
  to   space 20992K, 0% used [0x00000007a2380000,0x00000007a2380000,0x00000007a3800000)
 ParOldGen       total 184832K, used 44361K [0x00000006c2200000, 0x00000006cd680000, 0x000000076b600000)
  object space 184832K, 24% used [0x00000006c2200000,0x00000006c4d52408,0x00000006cd680000)
 Metaspace       used 94195K, capacity 99898K, committed 99968K, reserved 1136640K
  class space    used 11390K, capacity 12404K, committed 12416K, reserved 1048576K
Event: 478.146 GC heap after
Heap after GC invocations=32 (full 11):
 PSYoungGen      total 888832K, used 0K [0x000000076b600000, 0x00000007a3800000, 0x00000007c0000000)
  eden space 877568K, 0% used [0x000000076b600000,0x000000076b600000,0x00000007a0f00000)
  from space 11264K, 0% used [0x00000007a0f00000,0x00000007a0f00000,0x00000007a1a00000)
  to   space 20992K, 0% used [0x00000007a2380000,0x00000007a2380000,0x00000007a3800000)
 ParOldGen       total 184832K, used 46428K [0x00000006c2200000, 0x00000006cd680000, 0x000000076b600000)
  object space 184832K, 25% used [0x00000006c2200000,0x00000006c4f571f0,0x00000006cd680000)
 Metaspace       used 94113K, capacity 99766K, committed 99968K, reserved 1136640K
  class space    used 11377K, capacity 12381K, committed 12416K, reserved 1048576K
}
Event: 495.567 GC heap before
{Heap before GC invocations=33 (full 11):
 PSYoungGen      total 888832K, used 702073K [0x000000076b600000, 0x00000007a3800000, 0x00000007c0000000)
  eden space 877568K, 80% used [0x000000076b600000,0x000000079639e7a0,0x00000007a0f00000)
  from space 11264K, 0% used [0x00000007a0f00000,0x00000007a0f00000,0x00000007a1a00000)
  to   space 20992K, 0% used [0x00000007a2380000,0x00000007a2380000,0x00000007a3800000)
 ParOldGen       total 184832K, used 46428K [0x00000006c2200000, 0x00000006cd680000, 0x000000076b600000)
  object space 184832K, 25% used [0x00000006c2200000,0x00000006c4f571f0,0x00000006cd680000)
 Metaspace       used 97566K, capacity 103332K, committed 103680K, reserved 1140736K
  class space    used 11641K, capacity 12673K, committed 12800K, reserved 1048576K
Event: 495.574 GC heap after
Heap after GC invocations=33 (full 11):
 PSYoungGen      total 897536K, used 10895K [0x000000076b600000, 0x00000007a3700000, 0x00000007c0000000)
  eden space 877568K, 0% used [0x000000076b600000,0x000000076b600000,0x00000007a0f00000)
  from space 19968K, 54% used [0x00000007a2380000,0x00000007a2e23e00,0x00000007a3700000)
  to   space 20480K, 0% used [0x00000007a0f00000,0x00000007a0f00000,0x00000007a2300000)
 ParOldGen       total 184832K, used 46436K [0x00000006c2200000, 0x00000006cd680000, 0x000000076b600000)
  object space 184832K, 25% used [0x00000006c2200000,0x00000006c4f591f0,0x00000006cd680000)
 Metaspace       used 97566K, capacity 103332K, committed 103680K, reserved 1140736K
  class space    used 11641K, capacity 12673K, committed 12800K, reserved 1048576K
}
Event: 495.574 GC heap before
{Heap before GC invocations=34 (full 12):
 PSYoungGen      total 897536K, used 10895K [0x000000076b600000, 0x00000007a3700000, 0x00000007c0000000)
  eden space 877568K, 0% used [0x000000076b600000,0x000000076b600000,0x00000007a0f00000)
  from space 19968K, 54% used [0x00000007a2380000,0x00000007a2e23e00,0x00000007a3700000)
  to   space 20480K, 0% used [0x00000007a0f00000,0x00000007a0f00000,0x00000007a2300000)
 ParOldGen       total 184832K, used 46436K [0x00000006c2200000, 0x00000006cd680000, 0x000000076b600000)
  object space 184832K, 25% used [0x00000006c2200000,0x00000006c4f591f0,0x00000006cd680000)
 Metaspace       used 97566K, capacity 103332K, committed 103680K, reserved 1140736K
  class space    used 11641K, capacity 12673K, committed 12800K, reserved 1048576K
Event: 495.698 GC heap after
Heap after GC invocations=34 (full 12):
 PSYoungGen      total 897536K, used 0K [0x000000076b600000, 0x00000007a3700000, 0x00000007c0000000)
  eden space 877568K, 0% used [0x000000076b600000,0x000000076b600000,0x00000007a0f00000)
  from space 19968K, 0% used [0x00000007a2380000,0x00000007a2380000,0x00000007a3700000)
  to   space 20480K, 0% used [0x00000007a0f00000,0x00000007a0f00000,0x00000007a2300000)
 ParOldGen       total 184832K, used 48458K [0x00000006c2200000, 0x00000006cd680000, 0x000000076b600000)
  object space 184832K, 26% used [0x00000006c2200000,0x00000006c51529b8,0x00000006cd680000)
 Metaspace       used 97484K, capacity 103200K, committed 103680K, reserved 1140736K
  class space    used 11629K, capacity 12650K, committed 12800K, reserved 1048576K
}
Event: 699.925 GC heap before
{Heap before GC invocations=35 (full 12):
 PSYoungGen      total 897536K, used 877568K [0x000000076b600000, 0x00000007a3700000, 0x00000007c0000000)
  eden space 877568K, 100% used [0x000000076b600000,0x00000007a0f00000,0x00000007a0f00000)
  from space 19968K, 0% used [0x00000007a2380000,0x00000007a2380000,0x00000007a3700000)
  to   space 20480K, 0% used [0x00000007a0f00000,0x00000007a0f00000,0x00000007a2300000)
 ParOldGen       total 184832K, used 48458K [0x00000006c2200000, 0x00000006cd680000, 0x000000076b600000)
  object space 184832K, 26% used [0x00000006c2200000,0x00000006c51529b8,0x00000006cd680000)
 Metaspace       used 100943K, capacity 106768K, committed 107008K, reserved 1142784K
  class space    used 11890K, capacity 12942K, committed 13056K, reserved 1048576K
Event: 699.938 GC heap after
Heap after GC invocations=35 (full 12):
 PSYoungGen      total 898048K, used 20474K [0x000000076b600000, 0x00000007abe80000, 0x00000007c0000000)
  eden space 877568K, 0% used [0x000000076b600000,0x000000076b600000,0x00000007a0f00000)
  from space 20480K, 99% used [0x00000007a0f00000,0x00000007a22fe940,0x00000007a2300000)
  to   space 23040K, 0% used [0x00000007aa800000,0x00000007aa800000,0x00000007abe80000)
 ParOldGen       total 184832K, used 48985K [0x00000006c2200000, 0x00000006cd680000, 0x000000076b600000)
  object space 184832K, 26% used [0x00000006c2200000,0x00000006c51d6540,0x00000006cd680000)
 Metaspace       used 100943K, capacity 106768K, committed 107008K, reserved 1142784K
  class space    used 11890K, capacity 12942K, committed 13056K, reserved 1048576K
}

